{"C:\\Users\\Millenium\\Desktop\\Formation_QA\\Projet_8\\location_immobilier\\src\\assets\\arrowCollapse.png": {"path":"C:\\Users\\Millenium\\Desktop\\Formation_QA\\Projet_8\\location_immobilier\\src\\assets\\arrowCollapse.png","statementMap":{},"fnMap":{},"branchMap":{},"s":{},"f":{},"b":{},"meta":{"lastBranch":0,"lastFunction":0,"lastStatement":0,"seen":{},"fnNames":{}}}
,"C:\\Users\\Millenium\\Desktop\\Formation_QA\\Projet_8\\location_immobilier\\src\\components\\Banner\\Banner-Responsive.css": {"path":"C:\\Users\\Millenium\\Desktop\\Formation_QA\\Projet_8\\location_immobilier\\src\\components\\Banner\\Banner-Responsive.css","statementMap":{},"fnMap":{},"branchMap":{},"s":{},"f":{},"b":{},"meta":{"lastBranch":0,"lastFunction":0,"lastStatement":0,"seen":{},"fnNames":{}}}
,"C:\\Users\\Millenium\\Desktop\\Formation_QA\\Projet_8\\location_immobilier\\src\\components\\Banner\\Banner.css": {"path":"C:\\Users\\Millenium\\Desktop\\Formation_QA\\Projet_8\\location_immobilier\\src\\components\\Banner\\Banner.css","statementMap":{},"fnMap":{},"branchMap":{},"s":{},"f":{},"b":{},"meta":{"lastBranch":0,"lastFunction":0,"lastStatement":0,"seen":{},"fnNames":{}}}
,"C:\\Users\\Millenium\\Desktop\\Formation_QA\\Projet_8\\location_immobilier\\src\\components\\Banner\\Banner.tsx": {"path":"C:\\Users\\Millenium\\Desktop\\Formation_QA\\Projet_8\\location_immobilier\\src\\components\\Banner\\Banner.tsx","statementMap":{"0":{"start":{"line":10,"column":4},"end":{"line":14,"column":null}}},"fnMap":{"0":{"name":"Banner","decl":{"start":{"line":9,"column":9},"end":{"line":9,"column":16}},"loc":{"start":{"line":9,"column":46},"end":{"line":16,"column":null}},"line":9}},"branchMap":{"0":{"loc":{"start":{"line":13,"column":13},"end":{"line":14,"column":null}},"type":"binary-expr","locations":[{"start":{"line":13,"column":13},"end":{"line":13,"column":21}},{"start":{"line":13,"column":21},"end":{"line":14,"column":null}}],"line":13}},"s":{"0":2},"f":{"0":2},"b":{"0":[2,1]},"meta":{"lastBranch":1,"lastFunction":1,"lastStatement":1,"seen":{"f:9:9:9:16":0,"s:10:4:14:Infinity":0,"b:13:13:13:21:13:21:14:Infinity":0},"fnNames":{}}}
,"C:\\Users\\Millenium\\Desktop\\Formation_QA\\Projet_8\\location_immobilier\\src\\components\\Collapse\\Collapse-Responsive.css": {"path":"C:\\Users\\Millenium\\Desktop\\Formation_QA\\Projet_8\\location_immobilier\\src\\components\\Collapse\\Collapse-Responsive.css","statementMap":{},"fnMap":{},"branchMap":{},"s":{},"f":{},"b":{},"meta":{"lastBranch":0,"lastFunction":0,"lastStatement":0,"seen":{},"fnNames":{}}}
,"C:\\Users\\Millenium\\Desktop\\Formation_QA\\Projet_8\\location_immobilier\\src\\components\\Collapse\\Collapse.css": {"path":"C:\\Users\\Millenium\\Desktop\\Formation_QA\\Projet_8\\location_immobilier\\src\\components\\Collapse\\Collapse.css","statementMap":{},"fnMap":{},"branchMap":{},"s":{},"f":{},"b":{},"meta":{"lastBranch":0,"lastFunction":0,"lastStatement":0,"seen":{},"fnNames":{}}}
,"C:\\Users\\Millenium\\Desktop\\Formation_QA\\Projet_8\\location_immobilier\\src\\components\\Collapse\\Collapse.tsx": {"path":"C:\\Users\\Millenium\\Desktop\\Formation_QA\\Projet_8\\location_immobilier\\src\\components\\Collapse\\Collapse.tsx","statementMap":{"0":{"start":{"line":13,"column":36},"end":{"line":13,"column":null}},"1":{"start":{"line":14,"column":4},"end":{"line":23,"column":null}},"2":{"start":{"line":19,"column":122},"end":{"line":19,"column":147}}},"fnMap":{"0":{"name":"Collapse","decl":{"start":{"line":12,"column":9},"end":{"line":12,"column":18}},"loc":{"start":{"line":12,"column":54},"end":{"line":25,"column":null}},"line":12},"1":{"name":"(anonymous_1)","decl":{"start":{"line":19,"column":107},"end":{"line":19,"column":122}},"loc":{"start":{"line":19,"column":122},"end":{"line":19,"column":147}},"line":19}},"branchMap":{"0":{"loc":{"start":{"line":16,"column":43},"end":{"line":16,"column":null}},"type":"cond-expr","locations":[{"start":{"line":16,"column":54},"end":{"line":16,"column":63}},{"start":{"line":16,"column":63},"end":{"line":16,"column":null}}],"line":16},"1":{"loc":{"start":{"line":17,"column":50},"end":{"line":17,"column":null}},"type":"cond-expr","locations":[{"start":{"line":17,"column":61},"end":{"line":17,"column":70}},{"start":{"line":17,"column":70},"end":{"line":17,"column":null}}],"line":17},"2":{"loc":{"start":{"line":19,"column":49},"end":{"line":19,"column":75}},"type":"cond-expr","locations":[{"start":{"line":19,"column":60},"end":{"line":19,"column":69}},{"start":{"line":19,"column":69},"end":{"line":19,"column":75}}],"line":19},"3":{"loc":{"start":{"line":21,"column":51},"end":{"line":21,"column":78}},"type":"cond-expr","locations":[{"start":{"line":21,"column":62},"end":{"line":21,"column":71}},{"start":{"line":21,"column":71},"end":{"line":21,"column":78}}],"line":21}},"s":{"0":3,"1":3,"2":2},"f":{"0":3,"1":2},"b":{"0":[1,2],"1":[1,2],"2":[1,2],"3":[1,2]},"meta":{"lastBranch":4,"lastFunction":2,"lastStatement":3,"seen":{"f:12:9:12:18":0,"s:13:36:13:Infinity":0,"s:14:4:23:Infinity":1,"b:16:54:16:63:16:63:16:Infinity":0,"b:17:61:17:70:17:70:17:Infinity":1,"b:19:60:19:69:19:69:19:75":2,"f:19:107:19:122":1,"s:19:122:19:147":2,"b:21:62:21:71:21:71:21:78":3},"fnNames":{}}}
}
